This file contains any messages produced by compilers while
running configure, to aid debugging if configure makes a mistake.

It was created by simplegraphplotter configure 0.5, which was
generated by GNU Autoconf 2.68.  Invocation command line was

  $ /home/jim/Programming/cpp/SimpleGraphPlotter/configure --enable-maintainer-mode CFLAGS=-g -O0 CXXFLAGS=-g -O0 JFLAGS=-g -O0 FFLAGS=-g -O0 --no-create --no-recursion

## --------- ##
## Platform. ##
## --------- ##

hostname = jim-P55-USB3
uname -m = x86_64
uname -r = 3.0.0-14-generic
uname -s = Linux
uname -v = #23-Ubuntu SMP Mon Nov 21 20:28:43 UTC 2011

/usr/bin/uname -p = unknown
/bin/uname -X     = unknown

/bin/arch              = unknown
/usr/bin/arch -k       = unknown
/usr/convex/getsysinfo = unknown
/usr/bin/hostinfo      = unknown
/bin/machine           = unknown
/usr/bin/oslevel       = unknown
/bin/universe          = unknown

PATH: /usr/lib/lightdm/lightdm
PATH: /usr/local/sbin
PATH: /usr/local/bin
PATH: /usr/sbin
PATH: /usr/bin
PATH: /sbin
PATH: /bin
PATH: /usr/games


## ----------- ##
## Core tests. ##
## ----------- ##

configure:2422: checking for a BSD-compatible install
configure:2490: result: /usr/bin/install -c
configure:2501: checking whether build environment is sane
configure:2551: result: yes
configure:2692: checking for a thread-safe mkdir -p
configure:2731: result: /bin/mkdir -p
configure:2744: checking for gawk
configure:2774: result: no
configure:2744: checking for mawk
configure:2760: found /usr/bin/mawk
configure:2771: result: mawk
configure:2782: checking whether make sets $(MAKE)
configure:2804: result: yes
configure:2956: checking for g++
configure:2972: found /usr/bin/g++
configure:2983: result: g++
configure:3010: checking for C++ compiler version
configure:3019: g++ --version >&5
g++ (Ubuntu/Linaro 4.6.1-9ubuntu3) 4.6.1
Copyright (C) 2011 Free Software Foundation, Inc.
This is free software; see the source for copying conditions.  There is NO
warranty; not even for MERCHANTABILITY or FITNESS FOR A PARTICULAR PURPOSE.

configure:3030: $? = 0
configure:3019: g++ -v >&5
Using built-in specs.
COLLECT_GCC=g++
COLLECT_LTO_WRAPPER=/usr/lib/gcc/x86_64-linux-gnu/4.6.1/lto-wrapper
Target: x86_64-linux-gnu
Configured with: ../src/configure -v --with-pkgversion='Ubuntu/Linaro 4.6.1-9ubuntu3' --with-bugurl=file:///usr/share/doc/gcc-4.6/README.Bugs --enable-languages=c,c++,fortran,objc,obj-c++,go --prefix=/usr --program-suffix=-4.6 --enable-shared --enable-linker-build-id --with-system-zlib --libexecdir=/usr/lib --without-included-gettext --enable-threads=posix --with-gxx-include-dir=/usr/include/c++/4.6 --libdir=/usr/lib --enable-nls --with-sysroot=/ --enable-clocale=gnu --enable-libstdcxx-debug --enable-libstdcxx-time=yes --enable-plugin --enable-objc-gc --disable-werror --with-arch-32=i686 --with-tune=generic --enable-checking=release --build=x86_64-linux-gnu --host=x86_64-linux-gnu --target=x86_64-linux-gnu
Thread model: posix
gcc version 4.6.1 (Ubuntu/Linaro 4.6.1-9ubuntu3) 
configure:3030: $? = 0
configure:3019: g++ -V >&5
g++: error: unrecognized option '-V'
g++: fatal error: no input files
compilation terminated.
configure:3030: $? = 4
configure:3019: g++ -qversion >&5
g++: error: unrecognized option '-qversion'
g++: fatal error: no input files
compilation terminated.
configure:3030: $? = 4
configure:3050: checking whether the C++ compiler works
configure:3072: g++ -g -O0   conftest.cpp  >&5
configure:3076: $? = 0
configure:3124: result: yes
configure:3127: checking for C++ compiler default output file name
configure:3129: result: a.out
configure:3135: checking for suffix of executables
configure:3142: g++ -o conftest -g -O0   conftest.cpp  >&5
configure:3146: $? = 0
configure:3168: result: 
configure:3190: checking whether we are cross compiling
configure:3198: g++ -o conftest -g -O0   conftest.cpp  >&5
configure:3202: $? = 0
configure:3209: ./conftest
configure:3213: $? = 0
configure:3228: result: no
configure:3233: checking for suffix of object files
configure:3255: g++ -c -g -O0  conftest.cpp >&5
configure:3259: $? = 0
configure:3280: result: o
configure:3284: checking whether we are using the GNU C++ compiler
configure:3303: g++ -c -g -O0  conftest.cpp >&5
configure:3303: $? = 0
configure:3312: result: yes
configure:3321: checking whether g++ accepts -g
configure:3341: g++ -c -g  conftest.cpp >&5
configure:3341: $? = 0
configure:3382: result: yes
configure:3416: checking for style of include used by make
configure:3444: result: GNU
configure:3469: checking dependency style of g++
configure:3579: result: gcc3
configure:3599: checking whether NLS is requested
configure:3608: result: yes
configure:3660: checking for gcc
configure:3676: found /usr/bin/gcc
configure:3687: result: gcc
configure:3916: checking for C compiler version
configure:3925: gcc --version >&5
gcc (Ubuntu/Linaro 4.6.1-9ubuntu3) 4.6.1
Copyright (C) 2011 Free Software Foundation, Inc.
This is free software; see the source for copying conditions.  There is NO
warranty; not even for MERCHANTABILITY or FITNESS FOR A PARTICULAR PURPOSE.

configure:3936: $? = 0
configure:3925: gcc -v >&5
Using built-in specs.
COLLECT_GCC=gcc
COLLECT_LTO_WRAPPER=/usr/lib/gcc/x86_64-linux-gnu/4.6.1/lto-wrapper
Target: x86_64-linux-gnu
Configured with: ../src/configure -v --with-pkgversion='Ubuntu/Linaro 4.6.1-9ubuntu3' --with-bugurl=file:///usr/share/doc/gcc-4.6/README.Bugs --enable-languages=c,c++,fortran,objc,obj-c++,go --prefix=/usr --program-suffix=-4.6 --enable-shared --enable-linker-build-id --with-system-zlib --libexecdir=/usr/lib --without-included-gettext --enable-threads=posix --with-gxx-include-dir=/usr/include/c++/4.6 --libdir=/usr/lib --enable-nls --with-sysroot=/ --enable-clocale=gnu --enable-libstdcxx-debug --enable-libstdcxx-time=yes --enable-plugin --enable-objc-gc --disable-werror --with-arch-32=i686 --with-tune=generic --enable-checking=release --build=x86_64-linux-gnu --host=x86_64-linux-gnu --target=x86_64-linux-gnu
Thread model: posix
gcc version 4.6.1 (Ubuntu/Linaro 4.6.1-9ubuntu3) 
configure:3936: $? = 0
configure:3925: gcc -V >&5
gcc: error: unrecognized option '-V'
gcc: fatal error: no input files
compilation terminated.
configure:3936: $? = 4
configure:3925: gcc -qversion >&5
gcc: error: unrecognized option '-qversion'
gcc: fatal error: no input files
compilation terminated.
configure:3936: $? = 4
configure:3940: checking whether we are using the GNU C compiler
configure:3959: gcc -c -g -O0  conftest.c >&5
configure:3959: $? = 0
configure:3968: result: yes
configure:3977: checking whether gcc accepts -g
configure:3997: gcc -c -g  conftest.c >&5
configure:3997: $? = 0
configure:4038: result: yes
configure:4055: checking for gcc option to accept ISO C89
configure:4119: gcc  -c -g -O0  conftest.c >&5
configure:4119: $? = 0
configure:4132: result: none needed
configure:4154: checking dependency style of gcc
configure:4264: result: gcc3
configure:4291: checking for intltool >= 0.35.0
configure:4298: result: 0.41.1 found
configure:4306: checking for intltool-update
configure:4324: found /usr/bin/intltool-update
configure:4336: result: /usr/bin/intltool-update
configure:4346: checking for intltool-merge
configure:4364: found /usr/bin/intltool-merge
configure:4376: result: /usr/bin/intltool-merge
configure:4386: checking for intltool-extract
configure:4404: found /usr/bin/intltool-extract
configure:4416: result: /usr/bin/intltool-extract
configure:4547: checking for xgettext
configure:4565: found /usr/bin/xgettext
configure:4577: result: /usr/bin/xgettext
configure:4587: checking for msgmerge
configure:4605: found /usr/bin/msgmerge
configure:4617: result: /usr/bin/msgmerge
configure:4627: checking for msgfmt
configure:4645: found /usr/bin/msgfmt
configure:4657: result: /usr/bin/msgfmt
configure:4667: checking for gmsgfmt
configure:4698: result: /usr/bin/msgfmt
configure:4718: checking for perl
configure:4736: found /usr/bin/perl
configure:4748: result: /usr/bin/perl
configure:4759: checking for perl >= 5.8.1
configure:4766: result: 5.12.4
configure:4770: checking for XML::Parser
configure:4773: result: ok
configure:4798: gcc -o conftest -g -O0   conftest.c  >&5
configure:4798: $? = 0
configure:4837: checking how to run the C preprocessor
configure:4868: gcc -E  conftest.c
configure:4868: $? = 0
configure:4882: gcc -E  conftest.c
conftest.c:12:28: fatal error: ac_nonexistent.h: No such file or directory
compilation terminated.
configure:4882: $? = 1
configure: failed program was:
| /* confdefs.h */
| #define PACKAGE_NAME "simplegraphplotter"
| #define PACKAGE_TARNAME "simplegraphplotter"
| #define PACKAGE_VERSION "0.5"
| #define PACKAGE_STRING "simplegraphplotter 0.5"
| #define PACKAGE_BUGREPORT ""
| #define PACKAGE_URL ""
| #define PACKAGE "simplegraphplotter"
| #define VERSION "0.5"
| #define GETTEXT_PACKAGE "simplegraphplotter"
| /* end confdefs.h.  */
| #include <ac_nonexistent.h>
configure:4907: result: gcc -E
configure:4927: gcc -E  conftest.c
configure:4927: $? = 0
configure:4941: gcc -E  conftest.c
conftest.c:12:28: fatal error: ac_nonexistent.h: No such file or directory
compilation terminated.
configure:4941: $? = 1
configure: failed program was:
| /* confdefs.h */
| #define PACKAGE_NAME "simplegraphplotter"
| #define PACKAGE_TARNAME "simplegraphplotter"
| #define PACKAGE_VERSION "0.5"
| #define PACKAGE_STRING "simplegraphplotter 0.5"
| #define PACKAGE_BUGREPORT ""
| #define PACKAGE_URL ""
| #define PACKAGE "simplegraphplotter"
| #define VERSION "0.5"
| #define GETTEXT_PACKAGE "simplegraphplotter"
| /* end confdefs.h.  */
| #include <ac_nonexistent.h>
configure:4970: checking for grep that handles long lines and -e
configure:5028: result: /bin/grep
configure:5033: checking for egrep
configure:5095: result: /bin/grep -E
configure:5100: checking for ANSI C header files
configure:5120: gcc -c -g -O0  conftest.c >&5
configure:5120: $? = 0
configure:5193: gcc -o conftest -g -O0   conftest.c  >&5
configure:5193: $? = 0
configure:5193: ./conftest
configure:5193: $? = 0
configure:5204: result: yes
configure:5217: checking for sys/types.h
configure:5217: gcc -c -g -O0  conftest.c >&5
configure:5217: $? = 0
configure:5217: result: yes
configure:5217: checking for sys/stat.h
configure:5217: gcc -c -g -O0  conftest.c >&5
configure:5217: $? = 0
configure:5217: result: yes
configure:5217: checking for stdlib.h
configure:5217: gcc -c -g -O0  conftest.c >&5
configure:5217: $? = 0
configure:5217: result: yes
configure:5217: checking for string.h
configure:5217: gcc -c -g -O0  conftest.c >&5
configure:5217: $? = 0
configure:5217: result: yes
configure:5217: checking for memory.h
configure:5217: gcc -c -g -O0  conftest.c >&5
configure:5217: $? = 0
configure:5217: result: yes
configure:5217: checking for strings.h
configure:5217: gcc -c -g -O0  conftest.c >&5
configure:5217: $? = 0
configure:5217: result: yes
configure:5217: checking for inttypes.h
configure:5217: gcc -c -g -O0  conftest.c >&5
configure:5217: $? = 0
configure:5217: result: yes
configure:5217: checking for stdint.h
configure:5217: gcc -c -g -O0  conftest.c >&5
configure:5217: $? = 0
configure:5217: result: yes
configure:5217: checking for unistd.h
configure:5217: gcc -c -g -O0  conftest.c >&5
configure:5217: $? = 0
configure:5217: result: yes
configure:5232: checking locale.h usability
configure:5232: gcc -c -g -O0  conftest.c >&5
configure:5232: $? = 0
configure:5232: result: yes
configure:5232: checking locale.h presence
configure:5232: gcc -E  conftest.c
configure:5232: $? = 0
configure:5232: result: yes
configure:5232: checking for locale.h
configure:5232: result: yes
configure:5243: checking for LC_MESSAGES
configure:5259: gcc -o conftest -g -O0   conftest.c  >&5
configure:5259: $? = 0
configure:5267: result: yes
configure:5284: checking libintl.h usability
configure:5284: gcc -c -g -O0  conftest.c >&5
configure:5284: $? = 0
configure:5284: result: yes
configure:5284: checking libintl.h presence
configure:5284: gcc -E  conftest.c
configure:5284: $? = 0
configure:5284: result: yes
configure:5284: checking for libintl.h
configure:5284: result: yes
configure:5292: checking for ngettext in libc
configure:5310: gcc -o conftest -g -O0   conftest.c  >&5
configure:5310: $? = 0
configure:5319: result: yes
configure:5323: checking for dgettext in libc
configure:5341: gcc -o conftest -g -O0   conftest.c  >&5
configure:5341: $? = 0
configure:5350: result: yes
configure:5357: checking for bind_textdomain_codeset
configure:5357: gcc -o conftest -g -O0   conftest.c  >&5
configure:5357: $? = 0
configure:5357: result: yes
configure:5633: checking for msgfmt
configure:5660: result: /usr/bin/msgfmt
configure:5671: checking for dcgettext
configure:5671: gcc -o conftest -g -O0   conftest.c   >&5
conftest.c:49:6: warning: conflicting types for built-in function 'dcgettext' [enabled by default]
configure:5671: $? = 0
configure:5671: result: yes
configure:5681: checking if msgfmt accepts -c
configure:5696: $MSGFMT -c -o /dev/null conftest.foo
configure:5699: $? = 0
configure:5701: result: yes
configure:5711: checking for gmsgfmt
configure:5742: result: /usr/bin/msgfmt
configure:5752: checking for xgettext
configure:5779: result: /usr/bin/xgettext
configure:5798: gcc -o conftest -g -O0   conftest.c   >&5
configure:5798: $? = 0
configure:5965: checking build system type
configure:5979: result: x86_64-unknown-linux-gnu
configure:5999: checking host system type
configure:6012: result: x86_64-unknown-linux-gnu
configure:6053: checking how to print strings
configure:6080: result: printf
configure:6101: checking for a sed that does not truncate output
configure:6165: result: /bin/sed
configure:6183: checking for fgrep
configure:6245: result: /bin/grep -F
configure:6280: checking for ld used by gcc
configure:6347: result: /usr/bin/ld
configure:6354: checking if the linker (/usr/bin/ld) is GNU ld
configure:6369: result: yes
configure:6381: checking for BSD- or MS-compatible name lister (nm)
configure:6430: result: /usr/bin/nm -B
configure:6560: checking the name lister (/usr/bin/nm -B) interface
configure:6567: gcc -c -g -O0  conftest.c >&5
configure:6570: /usr/bin/nm -B "conftest.o"
configure:6573: output
0000000000000000 B some_variable
configure:6580: result: BSD nm
configure:6583: checking whether ln -s works
configure:6587: result: yes
configure:6595: checking the maximum length of command line arguments
configure:6720: result: 3458764513820540925
configure:6737: checking whether the shell understands some XSI constructs
configure:6747: result: yes
configure:6751: checking whether the shell understands "+="
configure:6757: result: yes
configure:6792: checking how to convert x86_64-unknown-linux-gnu file names to x86_64-unknown-linux-gnu format
configure:6832: result: func_convert_file_noop
configure:6839: checking how to convert x86_64-unknown-linux-gnu file names to toolchain format
configure:6859: result: func_convert_file_noop
configure:6866: checking for /usr/bin/ld option to reload object files
configure:6873: result: -r
configure:6947: checking for objdump
configure:6963: found /usr/bin/objdump
configure:6974: result: objdump
configure:7006: checking how to recognize dependent libraries
configure:7208: result: pass_all
configure:7293: checking for dlltool
configure:7323: result: no
configure:7353: checking how to associate runtime and link libraries
configure:7380: result: printf %s\n
configure:7440: checking for ar
configure:7456: found /usr/bin/ar
configure:7467: result: ar
configure:7504: checking for archiver @FILE support
configure:7521: gcc -c -g -O0  conftest.c >&5
configure:7521: $? = 0
configure:7524: ar cru libconftest.a @conftest.lst >&5
configure:7527: $? = 0
configure:7532: ar cru libconftest.a @conftest.lst >&5
ar: conftest.o: No such file or directory
configure:7535: $? = 1
configure:7547: result: @
configure:7605: checking for strip
configure:7621: found /usr/bin/strip
configure:7632: result: strip
configure:7704: checking for ranlib
configure:7720: found /usr/bin/ranlib
configure:7731: result: ranlib
configure:7833: checking command to parse /usr/bin/nm -B output from gcc object
configure:7952: gcc -c -g -O0  conftest.c >&5
configure:7955: $? = 0
configure:7959: /usr/bin/nm -B conftest.o \| sed -n -e 's/^.*[ ]\([ABCDGIRSTW][ABCDGIRSTW]*\)[ ][ ]*\([_A-Za-z][_A-Za-z0-9]*\)$/\1 \2 \2/p' | sed '/ __gnu_lto/d' \> conftest.nm
configure:7962: $? = 0
configure:8028: gcc -o conftest -g -O0   conftest.c conftstm.o >&5
configure:8031: $? = 0
configure:8069: result: ok
configure:8106: checking for sysroot
configure:8136: result: no
configure:8213: gcc -c -g -O0  conftest.c >&5
configure:8216: $? = 0
configure:8379: checking for mt
configure:8395: found /bin/mt
configure:8406: result: mt
configure:8429: checking if mt is a manifest tool
configure:8435: mt '-?'
configure:8443: result: no
configure:9072: checking for dlfcn.h
configure:9072: gcc -c -g -O0  conftest.c >&5
configure:9072: $? = 0
configure:9072: result: yes
configure:9270: checking for objdir
configure:9285: result: .libs
configure:9552: checking if gcc supports -fno-rtti -fno-exceptions
configure:9570: gcc -c -g -O0  -fno-rtti -fno-exceptions conftest.c >&5
cc1: warning: command line option '-fno-rtti' is valid for C++/ObjC++ but not for C [enabled by default]
configure:9574: $? = 0
configure:9587: result: no
configure:9897: checking for gcc option to produce PIC
configure:9904: result: -fPIC -DPIC
configure:9912: checking if gcc PIC flag -fPIC -DPIC works
configure:9930: gcc -c -g -O0  -fPIC -DPIC -DPIC conftest.c >&5
configure:9934: $? = 0
configure:9947: result: yes
configure:9976: checking if gcc static flag -static works
configure:10004: result: yes
configure:10019: checking if gcc supports -c -o file.o
configure:10040: gcc -c -g -O0  -o out/conftest2.o conftest.c >&5
configure:10044: $? = 0
configure:10066: result: yes
configure:10074: checking if gcc supports -c -o file.o
configure:10121: result: yes
configure:10154: checking whether the gcc linker (/usr/bin/ld -m elf_x86_64) supports shared libraries
configure:11316: result: yes
configure:11353: checking whether -lc should be explicitly linked in
configure:11361: gcc -c -g -O0  conftest.c >&5
configure:11364: $? = 0
configure:11379: gcc -shared  -fPIC -DPIC conftest.o  -v -Wl,-soname -Wl,conftest -o conftest 2\>\&1 \| /bin/grep  -lc  \>/dev/null 2\>\&1
configure:11382: $? = 0
configure:11396: result: no
configure:11561: checking dynamic linker characteristics
configure:12076: gcc -o conftest -g -O0   -Wl,-rpath -Wl,/foo conftest.c  >&5
configure:12076: $? = 0
configure:12310: result: GNU/Linux ld.so
configure:12417: checking how to hardcode library paths into programs
configure:12442: result: immediate
configure:12982: checking whether stripping libraries is possible
configure:12987: result: yes
configure:13022: checking if libtool supports shared libraries
configure:13024: result: yes
configure:13027: checking whether to build shared libraries
configure:13048: result: yes
configure:13051: checking whether to build static libraries
configure:13055: result: yes
configure:13078: checking how to run the C++ preprocessor
configure:13105: g++ -E  conftest.cpp
configure:13105: $? = 0
configure:13119: g++ -E  conftest.cpp
conftest.cpp:30:28: fatal error: ac_nonexistent.h: No such file or directory
compilation terminated.
configure:13119: $? = 1
configure: failed program was:
| /* confdefs.h */
| #define PACKAGE_NAME "simplegraphplotter"
| #define PACKAGE_TARNAME "simplegraphplotter"
| #define PACKAGE_VERSION "0.5"
| #define PACKAGE_STRING "simplegraphplotter 0.5"
| #define PACKAGE_BUGREPORT ""
| #define PACKAGE_URL ""
| #define PACKAGE "simplegraphplotter"
| #define VERSION "0.5"
| #define GETTEXT_PACKAGE "simplegraphplotter"
| #define STDC_HEADERS 1
| #define HAVE_SYS_TYPES_H 1
| #define HAVE_SYS_STAT_H 1
| #define HAVE_STDLIB_H 1
| #define HAVE_STRING_H 1
| #define HAVE_MEMORY_H 1
| #define HAVE_STRINGS_H 1
| #define HAVE_INTTYPES_H 1
| #define HAVE_STDINT_H 1
| #define HAVE_UNISTD_H 1
| #define HAVE_LOCALE_H 1
| #define HAVE_LC_MESSAGES 1
| #define HAVE_BIND_TEXTDOMAIN_CODESET 1
| #define HAVE_GETTEXT 1
| #define HAVE_DCGETTEXT 1
| #define ENABLE_NLS 1
| #define HAVE_DLFCN_H 1
| #define LT_OBJDIR ".libs/"
| /* end confdefs.h.  */
| #include <ac_nonexistent.h>
configure:13144: result: g++ -E
configure:13164: g++ -E  conftest.cpp
configure:13164: $? = 0
configure:13178: g++ -E  conftest.cpp
conftest.cpp:30:28: fatal error: ac_nonexistent.h: No such file or directory
compilation terminated.
configure:13178: $? = 1
configure: failed program was:
| /* confdefs.h */
| #define PACKAGE_NAME "simplegraphplotter"
| #define PACKAGE_TARNAME "simplegraphplotter"
| #define PACKAGE_VERSION "0.5"
| #define PACKAGE_STRING "simplegraphplotter 0.5"
| #define PACKAGE_BUGREPORT ""
| #define PACKAGE_URL ""
| #define PACKAGE "simplegraphplotter"
| #define VERSION "0.5"
| #define GETTEXT_PACKAGE "simplegraphplotter"
| #define STDC_HEADERS 1
| #define HAVE_SYS_TYPES_H 1
| #define HAVE_SYS_STAT_H 1
| #define HAVE_STDLIB_H 1
| #define HAVE_STRING_H 1
| #define HAVE_MEMORY_H 1
| #define HAVE_STRINGS_H 1
| #define HAVE_INTTYPES_H 1
| #define HAVE_STDINT_H 1
| #define HAVE_UNISTD_H 1
| #define HAVE_LOCALE_H 1
| #define HAVE_LC_MESSAGES 1
| #define HAVE_BIND_TEXTDOMAIN_CODESET 1
| #define HAVE_GETTEXT 1
| #define HAVE_DCGETTEXT 1
| #define ENABLE_NLS 1
| #define HAVE_DLFCN_H 1
| #define LT_OBJDIR ".libs/"
| /* end confdefs.h.  */
| #include <ac_nonexistent.h>
configure:13348: checking for ld used by g++
configure:13415: result: /usr/bin/ld -m elf_x86_64
configure:13422: checking if the linker (/usr/bin/ld -m elf_x86_64) is GNU ld
configure:13437: result: yes
configure:13492: checking whether the g++ linker (/usr/bin/ld -m elf_x86_64) supports shared libraries
configure:14496: result: yes
configure:14531: g++ -c -g -O0  conftest.cpp >&5
configure:14534: $? = 0
configure:15054: checking for g++ option to produce PIC
configure:15061: result: -fPIC -DPIC
configure:15069: checking if g++ PIC flag -fPIC -DPIC works
configure:15087: g++ -c -g -O0  -fPIC -DPIC -DPIC conftest.cpp >&5
configure:15091: $? = 0
configure:15104: result: yes
configure:15127: checking if g++ static flag -static works
configure:15155: result: yes
configure:15167: checking if g++ supports -c -o file.o
configure:15188: g++ -c -g -O0  -o out/conftest2.o conftest.cpp >&5
configure:15192: $? = 0
configure:15214: result: yes
configure:15219: checking if g++ supports -c -o file.o
configure:15266: result: yes
configure:15296: checking whether the g++ linker (/usr/bin/ld -m elf_x86_64) supports shared libraries
configure:15333: result: yes
configure:15476: checking dynamic linker characteristics
configure:16159: result: GNU/Linux ld.so
configure:16212: checking how to hardcode library paths into programs
configure:16237: result: immediate
configure:16353: checking for pkg-config
configure:16371: found /usr/bin/pkg-config
configure:16383: result: /usr/bin/pkg-config
configure:16408: checking pkg-config is at least version 0.9.0
configure:16411: result: yes
configure:16421: checking for SIMPLEGRAPHPLOTTER
configure:16428: $PKG_CONFIG --exists --print-errors "gtkmm-3.0 "
configure:16431: $? = 0
configure:16445: $PKG_CONFIG --exists --print-errors "gtkmm-3.0 "
configure:16448: $? = 0
configure:16506: result: yes
configure:16654: creating ./config.status
configure:19188: WARNING: unrecognized options: --enable-maintainer-mode

## ---------------- ##
## Cache variables. ##
## ---------------- ##

ac_cv_build=x86_64-unknown-linux-gnu
ac_cv_c_compiler_gnu=yes
ac_cv_cxx_compiler_gnu=yes
ac_cv_env_CCC_set=
ac_cv_env_CCC_value=
ac_cv_env_CC_set=
ac_cv_env_CC_value=
ac_cv_env_CFLAGS_set=set
ac_cv_env_CFLAGS_value='-g -O0'
ac_cv_env_CPPFLAGS_set=
ac_cv_env_CPPFLAGS_value=
ac_cv_env_CPP_set=
ac_cv_env_CPP_value=
ac_cv_env_CXXCPP_set=
ac_cv_env_CXXCPP_value=
ac_cv_env_CXXFLAGS_set=set
ac_cv_env_CXXFLAGS_value='-g -O0'
ac_cv_env_CXX_set=
ac_cv_env_CXX_value=
ac_cv_env_LDFLAGS_set=
ac_cv_env_LDFLAGS_value=
ac_cv_env_LIBS_set=
ac_cv_env_LIBS_value=
ac_cv_env_PKG_CONFIG_LIBDIR_set=
ac_cv_env_PKG_CONFIG_LIBDIR_value=
ac_cv_env_PKG_CONFIG_PATH_set=
ac_cv_env_PKG_CONFIG_PATH_value=
ac_cv_env_PKG_CONFIG_set=
ac_cv_env_PKG_CONFIG_value=
ac_cv_env_SIMPLEGRAPHPLOTTER_CFLAGS_set=
ac_cv_env_SIMPLEGRAPHPLOTTER_CFLAGS_value=
ac_cv_env_SIMPLEGRAPHPLOTTER_LIBS_set=
ac_cv_env_SIMPLEGRAPHPLOTTER_LIBS_value=
ac_cv_env_build_alias_set=
ac_cv_env_build_alias_value=
ac_cv_env_host_alias_set=
ac_cv_env_host_alias_value=
ac_cv_env_target_alias_set=
ac_cv_env_target_alias_value=
ac_cv_func_bind_textdomain_codeset=yes
ac_cv_func_dcgettext=yes
ac_cv_header_dlfcn_h=yes
ac_cv_header_inttypes_h=yes
ac_cv_header_libintl_h=yes
ac_cv_header_locale_h=yes
ac_cv_header_memory_h=yes
ac_cv_header_stdc=yes
ac_cv_header_stdint_h=yes
ac_cv_header_stdlib_h=yes
ac_cv_header_string_h=yes
ac_cv_header_strings_h=yes
ac_cv_header_sys_stat_h=yes
ac_cv_header_sys_types_h=yes
ac_cv_header_unistd_h=yes
ac_cv_host=x86_64-unknown-linux-gnu
ac_cv_objext=o
ac_cv_path_EGREP='/bin/grep -E'
ac_cv_path_FGREP='/bin/grep -F'
ac_cv_path_GMSGFMT=/usr/bin/msgfmt
ac_cv_path_GREP=/bin/grep
ac_cv_path_INTLTOOL_EXTRACT=/usr/bin/intltool-extract
ac_cv_path_INTLTOOL_MERGE=/usr/bin/intltool-merge
ac_cv_path_INTLTOOL_PERL=/usr/bin/perl
ac_cv_path_INTLTOOL_UPDATE=/usr/bin/intltool-update
ac_cv_path_MSGFMT=/usr/bin/msgfmt
ac_cv_path_MSGMERGE=/usr/bin/msgmerge
ac_cv_path_SED=/bin/sed
ac_cv_path_XGETTEXT=/usr/bin/xgettext
ac_cv_path_ac_pt_PKG_CONFIG=/usr/bin/pkg-config
ac_cv_path_install='/usr/bin/install -c'
ac_cv_path_mkdir=/bin/mkdir
ac_cv_prog_AWK=mawk
ac_cv_prog_CPP='gcc -E'
ac_cv_prog_CXXCPP='g++ -E'
ac_cv_prog_ac_ct_AR=ar
ac_cv_prog_ac_ct_CC=gcc
ac_cv_prog_ac_ct_CXX=g++
ac_cv_prog_ac_ct_MANIFEST_TOOL=mt
ac_cv_prog_ac_ct_OBJDUMP=objdump
ac_cv_prog_ac_ct_RANLIB=ranlib
ac_cv_prog_ac_ct_STRIP=strip
ac_cv_prog_cc_c89=
ac_cv_prog_cc_g=yes
ac_cv_prog_cxx_g=yes
ac_cv_prog_make_make_set=yes
am_cv_CC_dependencies_compiler_type=gcc3
am_cv_CXX_dependencies_compiler_type=gcc3
am_cv_val_LC_MESSAGES=yes
gt_cv_func_dgettext_libc=yes
gt_cv_func_dgettext_libintl=no
gt_cv_func_ngettext_libc=yes
gt_cv_have_gettext=yes
lt_cv_ar_at_file=@
lt_cv_archive_cmds_need_lc=no
lt_cv_deplibs_check_method=pass_all
lt_cv_file_magic_cmd='$MAGIC_CMD'
lt_cv_file_magic_test_file=
lt_cv_ld_reload_flag=-r
lt_cv_nm_interface='BSD nm'
lt_cv_objdir=.libs
lt_cv_path_LD=/usr/bin/ld
lt_cv_path_LDCXX='/usr/bin/ld -m elf_x86_64'
lt_cv_path_NM='/usr/bin/nm -B'
lt_cv_path_mainfest_tool=no
lt_cv_prog_compiler_c_o=yes
lt_cv_prog_compiler_c_o_CXX=yes
lt_cv_prog_compiler_pic='-fPIC -DPIC'
lt_cv_prog_compiler_pic_CXX='-fPIC -DPIC'
lt_cv_prog_compiler_pic_works=yes
lt_cv_prog_compiler_pic_works_CXX=yes
lt_cv_prog_compiler_rtti_exceptions=no
lt_cv_prog_compiler_static_works=yes
lt_cv_prog_compiler_static_works_CXX=yes
lt_cv_prog_gnu_ld=yes
lt_cv_prog_gnu_ldcxx=yes
lt_cv_sharedlib_from_linklib_cmd='printf %s\n'
lt_cv_shlibpath_overrides_runpath=no
lt_cv_sys_global_symbol_pipe='sed -n -e '\''s/^.*[	 ]\([ABCDGIRSTW][ABCDGIRSTW]*\)[	 ][	 ]*\([_A-Za-z][_A-Za-z0-9]*\)$/\1 \2 \2/p'\'' | sed '\''/ __gnu_lto/d'\'''
lt_cv_sys_global_symbol_to_c_name_address='sed -n -e '\''s/^: \([^ ]*\)[ ]*$/  {\"\1\", (void *) 0},/p'\'' -e '\''s/^[ABCDGIRSTW]* \([^ ]*\) \([^ ]*\)$/  {"\2", (void *) \&\2},/p'\'''
lt_cv_sys_global_symbol_to_c_name_address_lib_prefix='sed -n -e '\''s/^: \([^ ]*\)[ ]*$/  {\"\1\", (void *) 0},/p'\'' -e '\''s/^[ABCDGIRSTW]* \([^ ]*\) \(lib[^ ]*\)$/  {"\2", (void *) \&\2},/p'\'' -e '\''s/^[ABCDGIRSTW]* \([^ ]*\) \([^ ]*\)$/  {"lib\2", (void *) \&\2},/p'\'''
lt_cv_sys_global_symbol_to_cdecl='sed -n -e '\''s/^T .* \(.*\)$/extern int \1();/p'\'' -e '\''s/^[ABCDGIRSTW]* .* \(.*\)$/extern char \1;/p'\'''
lt_cv_sys_max_cmd_len=3458764513820540925
lt_cv_to_host_file_cmd=func_convert_file_noop
lt_cv_to_tool_file_cmd=func_convert_file_noop
pkg_cv_SIMPLEGRAPHPLOTTER_CFLAGS='-pthread -DGSEAL_ENABLE -I/usr/include/gdk-pixbuf-2.0 -I/usr/include/atk-1.0 -I/usr/include/glib-2.0 -I/usr/lib/x86_64-linux-gnu/glib-2.0/include -I/usr/include/pango-1.0 -I/usr/include/cairo -I/usr/include/pixman-1 -I/usr/include/freetype2 -I/usr/include/libpng12 -I/usr/include/gio-unix-2.0/ -I/usr/include/gtkmm-3.0 -I/usr/lib/gtkmm-3.0/include -I/usr/include/atkmm-1.6 -I/usr/include/giomm-2.4 -I/usr/lib/giomm-2.4/include -I/usr/include/pangomm-1.4 -I/usr/lib/pangomm-1.4/include -I/usr/include/gtk-3.0 -I/usr/include/cairomm-1.0 -I/usr/lib/cairomm-1.0/include -I/usr/include/gtk-3.0/unix-print -I/usr/include/gdkmm-3.0 -I/usr/lib/gdkmm-3.0/include -I/usr/include/glibmm-2.4 -I/usr/lib/glibmm-2.4/include -I/usr/include/sigc++-2.0 -I/usr/lib/sigc++-2.0/include  '
pkg_cv_SIMPLEGRAPHPLOTTER_LIBS='-pthread -lgtkmm-3.0 -latkmm-1.6 -lgdkmm-3.0 -lgiomm-2.4 -lpangomm-1.4 -lgtk-3 -lglibmm-2.4 -lcairomm-1.0 -lgdk-3 -latk-1.0 -lcairo-gobject -lgio-2.0 -lpangoft2-1.0 -lpangocairo-1.0 -lgdk_pixbuf-2.0 -lpango-1.0 -lfreetype -lfontconfig -lgmodule-2.0 -lcairo -lsigc-2.0 -lgobject-2.0 -lgthread-2.0 -lrt -lglib-2.0  '

## ----------------- ##
## Output variables. ##
## ----------------- ##

ACLOCAL='${SHELL} /home/jim/Programming/cpp/SimpleGraphPlotter/missing --run aclocal-1.11'
ALL_LINGUAS=''
AMDEPBACKSLASH='\'
AMDEP_FALSE='#'
AMDEP_TRUE=''
AMTAR='${SHELL} /home/jim/Programming/cpp/SimpleGraphPlotter/missing --run tar'
AM_BACKSLASH='\'
AM_DEFAULT_VERBOSITY='0'
AR='ar'
AUTOCONF='${SHELL} /home/jim/Programming/cpp/SimpleGraphPlotter/missing --run autoconf'
AUTOHEADER='${SHELL} /home/jim/Programming/cpp/SimpleGraphPlotter/missing --run autoheader'
AUTOMAKE='${SHELL} /home/jim/Programming/cpp/SimpleGraphPlotter/missing --run automake-1.11'
AWK='mawk'
CATALOGS=''
CATOBJEXT='.gmo'
CC='gcc'
CCDEPMODE='depmode=gcc3'
CFLAGS='-g -O0'
CPP='gcc -E'
CPPFLAGS=''
CXX='g++'
CXXCPP='g++ -E'
CXXDEPMODE='depmode=gcc3'
CXXFLAGS='-g -O0'
CYGPATH_W='echo'
DATADIRNAME='share'
DEFS='-DHAVE_CONFIG_H'
DEPDIR='.deps'
DLLTOOL='false'
DSYMUTIL=''
DUMPBIN=''
ECHO_C=''
ECHO_N='-n'
ECHO_T=''
EGREP='/bin/grep -E'
EXEEXT=''
FGREP='/bin/grep -F'
GETTEXT_PACKAGE='simplegraphplotter'
GMOFILES=''
GMSGFMT='/usr/bin/msgfmt'
GREP='/bin/grep'
INSTALL_DATA='${INSTALL} -m 644'
INSTALL_PROGRAM='${INSTALL}'
INSTALL_SCRIPT='${INSTALL}'
INSTALL_STRIP_PROGRAM='$(install_sh) -c -s'
INSTOBJEXT='.mo'
INTLLIBS=''
INTLTOOL_CAVES_RULE='%.caves:     %.caves.in     $(INTLTOOL_MERGE) $(wildcard $(top_srcdir)/po/*.po) ; LC_ALL=C $(INTLTOOL_MERGE) -d -u -c $(top_builddir)/po/.intltool-merge-cache $(top_srcdir)/po $< $@'
INTLTOOL_DESKTOP_RULE='%.desktop:   %.desktop.in   $(INTLTOOL_MERGE) $(wildcard $(top_srcdir)/po/*.po) ; LC_ALL=C $(INTLTOOL_MERGE) -d -u -c $(top_builddir)/po/.intltool-merge-cache $(top_srcdir)/po $< $@'
INTLTOOL_DIRECTORY_RULE='%.directory: %.directory.in $(INTLTOOL_MERGE) $(wildcard $(top_srcdir)/po/*.po) ; LC_ALL=C $(INTLTOOL_MERGE) -d -u -c $(top_builddir)/po/.intltool-merge-cache $(top_srcdir)/po $< $@'
INTLTOOL_EXTRACT='/usr/bin/intltool-extract'
INTLTOOL_KBD_RULE='%.kbd:       %.kbd.in       $(INTLTOOL_MERGE) $(wildcard $(top_srcdir)/po/*.po) ; LC_ALL=C $(INTLTOOL_MERGE) -x -u -m -c $(top_builddir)/po/.intltool-merge-cache $(top_srcdir)/po $< $@'
INTLTOOL_KEYS_RULE='%.keys:      %.keys.in      $(INTLTOOL_MERGE) $(wildcard $(top_srcdir)/po/*.po) ; LC_ALL=C $(INTLTOOL_MERGE) -k -u -c $(top_builddir)/po/.intltool-merge-cache $(top_srcdir)/po $< $@'
INTLTOOL_MERGE='/usr/bin/intltool-merge'
INTLTOOL_OAF_RULE='%.oaf:       %.oaf.in       $(INTLTOOL_MERGE) $(wildcard $(top_srcdir)/po/*.po) ; LC_ALL=C $(INTLTOOL_MERGE) -o -p $(top_srcdir)/po $< $@'
INTLTOOL_PERL='/usr/bin/perl'
INTLTOOL_POLICY_RULE='%.policy:    %.policy.in    $(INTLTOOL_MERGE) $(wildcard $(top_srcdir)/po/*.po) ; LC_ALL=C $(INTLTOOL_MERGE) -x -u -c $(top_builddir)/po/.intltool-merge-cache $(top_srcdir)/po $< $@'
INTLTOOL_PONG_RULE='%.pong:      %.pong.in      $(INTLTOOL_MERGE) $(wildcard $(top_srcdir)/po/*.po) ; LC_ALL=C $(INTLTOOL_MERGE) -x -u -c $(top_builddir)/po/.intltool-merge-cache $(top_srcdir)/po $< $@'
INTLTOOL_PROP_RULE='%.prop:      %.prop.in      $(INTLTOOL_MERGE) $(wildcard $(top_srcdir)/po/*.po) ; LC_ALL=C $(INTLTOOL_MERGE) -d -u -c $(top_builddir)/po/.intltool-merge-cache $(top_srcdir)/po $< $@'
INTLTOOL_SCHEMAS_RULE='%.schemas:   %.schemas.in   $(INTLTOOL_MERGE) $(wildcard $(top_srcdir)/po/*.po) ; LC_ALL=C $(INTLTOOL_MERGE) -s -u -c $(top_builddir)/po/.intltool-merge-cache $(top_srcdir)/po $< $@'
INTLTOOL_SERVER_RULE='%.server:    %.server.in    $(INTLTOOL_MERGE) $(wildcard $(top_srcdir)/po/*.po) ; LC_ALL=C $(INTLTOOL_MERGE) -o -u -c $(top_builddir)/po/.intltool-merge-cache $(top_srcdir)/po $< $@'
INTLTOOL_SERVICE_RULE='%.service: %.service.in   $(INTLTOOL_MERGE) $(wildcard $(top_srcdir)/po/*.po) ; LC_ALL=C $(INTLTOOL_MERGE) -d -u -c $(top_builddir)/po/.intltool-merge-cache $(top_srcdir)/po $< $@'
INTLTOOL_SHEET_RULE='%.sheet:     %.sheet.in     $(INTLTOOL_MERGE) $(wildcard $(top_srcdir)/po/*.po) ; LC_ALL=C $(INTLTOOL_MERGE) -x -u -c $(top_builddir)/po/.intltool-merge-cache $(top_srcdir)/po $< $@'
INTLTOOL_SOUNDLIST_RULE='%.soundlist: %.soundlist.in $(INTLTOOL_MERGE) $(wildcard $(top_srcdir)/po/*.po) ; LC_ALL=C $(INTLTOOL_MERGE) -d -u -c $(top_builddir)/po/.intltool-merge-cache $(top_srcdir)/po $< $@'
INTLTOOL_THEME_RULE='%.theme:     %.theme.in     $(INTLTOOL_MERGE) $(wildcard $(top_srcdir)/po/*.po) ; LC_ALL=C $(INTLTOOL_MERGE) -d -u -c $(top_builddir)/po/.intltool-merge-cache $(top_srcdir)/po $< $@'
INTLTOOL_UI_RULE='%.ui:        %.ui.in        $(INTLTOOL_MERGE) $(wildcard $(top_srcdir)/po/*.po) ; LC_ALL=C $(INTLTOOL_MERGE) -x -u -c $(top_builddir)/po/.intltool-merge-cache $(top_srcdir)/po $< $@'
INTLTOOL_UPDATE='/usr/bin/intltool-update'
INTLTOOL_XAM_RULE='%.xam:       %.xml.in       $(INTLTOOL_MERGE) $(wildcard $(top_srcdir)/po/*.po) ; LC_ALL=C $(INTLTOOL_MERGE) -x -u -c $(top_builddir)/po/.intltool-merge-cache $(top_srcdir)/po $< $@'
INTLTOOL_XML_NOMERGE_RULE='%.xml:       %.xml.in       $(INTLTOOL_MERGE) ; LC_ALL=C $(INTLTOOL_MERGE) -x -u /tmp $< $@'
INTLTOOL_XML_RULE='%.xml:       %.xml.in       $(INTLTOOL_MERGE) $(wildcard $(top_srcdir)/po/*.po) ; LC_ALL=C $(INTLTOOL_MERGE) -x -u -c $(top_builddir)/po/.intltool-merge-cache $(top_srcdir)/po $< $@'
LD='/usr/bin/ld -m elf_x86_64'
LDFLAGS=''
LIBOBJS=''
LIBS=''
LIBTOOL='$(SHELL) $(top_builddir)/libtool'
LIPO=''
LN_S='ln -s'
LTLIBOBJS=''
MAKEINFO='${SHELL} /home/jim/Programming/cpp/SimpleGraphPlotter/missing --run makeinfo'
MANIFEST_TOOL=':'
MKDIR_P='/bin/mkdir -p'
MKINSTALLDIRS='/home/jim/Programming/cpp/SimpleGraphPlotter/mkinstalldirs'
MSGFMT='/usr/bin/msgfmt'
MSGFMT_OPTS='-c'
MSGMERGE='/usr/bin/msgmerge'
NM='/usr/bin/nm -B'
NMEDIT=''
OBJDUMP='objdump'
OBJEXT='o'
OTOOL64=''
OTOOL=''
PACKAGE='simplegraphplotter'
PACKAGE_BUGREPORT=''
PACKAGE_NAME='simplegraphplotter'
PACKAGE_STRING='simplegraphplotter 0.5'
PACKAGE_TARNAME='simplegraphplotter'
PACKAGE_URL=''
PACKAGE_VERSION='0.5'
PATH_SEPARATOR=':'
PKG_CONFIG='/usr/bin/pkg-config'
PKG_CONFIG_LIBDIR=''
PKG_CONFIG_PATH=''
POFILES=''
POSUB='po'
PO_IN_DATADIR_FALSE=''
PO_IN_DATADIR_TRUE=''
RANLIB='ranlib'
SED='/bin/sed'
SET_MAKE=''
SHELL='/bin/bash'
SIMPLEGRAPHPLOTTER_CFLAGS='-pthread -DGSEAL_ENABLE -I/usr/include/gdk-pixbuf-2.0 -I/usr/include/atk-1.0 -I/usr/include/glib-2.0 -I/usr/lib/x86_64-linux-gnu/glib-2.0/include -I/usr/include/pango-1.0 -I/usr/include/cairo -I/usr/include/pixman-1 -I/usr/include/freetype2 -I/usr/include/libpng12 -I/usr/include/gio-unix-2.0/ -I/usr/include/gtkmm-3.0 -I/usr/lib/gtkmm-3.0/include -I/usr/include/atkmm-1.6 -I/usr/include/giomm-2.4 -I/usr/lib/giomm-2.4/include -I/usr/include/pangomm-1.4 -I/usr/lib/pangomm-1.4/include -I/usr/include/gtk-3.0 -I/usr/include/cairomm-1.0 -I/usr/lib/cairomm-1.0/include -I/usr/include/gtk-3.0/unix-print -I/usr/include/gdkmm-3.0 -I/usr/lib/gdkmm-3.0/include -I/usr/include/glibmm-2.4 -I/usr/lib/glibmm-2.4/include -I/usr/include/sigc++-2.0 -I/usr/lib/sigc++-2.0/include  '
SIMPLEGRAPHPLOTTER_LIBS='-pthread -lgtkmm-3.0 -latkmm-1.6 -lgdkmm-3.0 -lgiomm-2.4 -lpangomm-1.4 -lgtk-3 -lglibmm-2.4 -lcairomm-1.0 -lgdk-3 -latk-1.0 -lcairo-gobject -lgio-2.0 -lpangoft2-1.0 -lpangocairo-1.0 -lgdk_pixbuf-2.0 -lpango-1.0 -lfreetype -lfontconfig -lgmodule-2.0 -lcairo -lsigc-2.0 -lgobject-2.0 -lgthread-2.0 -lrt -lglib-2.0  '
STRIP='strip'
USE_NLS='yes'
VERSION='0.5'
XGETTEXT='/usr/bin/xgettext'
ac_ct_AR='ar'
ac_ct_CC='gcc'
ac_ct_CXX='g++'
ac_ct_DUMPBIN=''
am__EXEEXT_FALSE=''
am__EXEEXT_TRUE='#'
am__fastdepCC_FALSE='#'
am__fastdepCC_TRUE=''
am__fastdepCXX_FALSE='#'
am__fastdepCXX_TRUE=''
am__include='include'
am__isrc=' -I$(srcdir)'
am__leading_dot='.'
am__quote=''
am__tar='${AMTAR} chof - "$$tardir"'
am__untar='${AMTAR} xf -'
bindir='${exec_prefix}/bin'
build='x86_64-unknown-linux-gnu'
build_alias=''
build_cpu='x86_64'
build_os='linux-gnu'
build_vendor='unknown'
datadir='${datarootdir}'
datarootdir='${prefix}/share'
docdir='${datarootdir}/doc/${PACKAGE_TARNAME}'
dvidir='${docdir}'
exec_prefix='${prefix}'
host='x86_64-unknown-linux-gnu'
host_alias=''
host_cpu='x86_64'
host_os='linux-gnu'
host_vendor='unknown'
htmldir='${docdir}'
includedir='${prefix}/include'
infodir='${datarootdir}/info'
install_sh='${SHELL} /home/jim/Programming/cpp/SimpleGraphPlotter/install-sh'
libdir='${exec_prefix}/lib'
libexecdir='${exec_prefix}/libexec'
localedir='${datarootdir}/locale'
localstatedir='${prefix}/var'
mandir='${datarootdir}/man'
mkdir_p='/bin/mkdir -p'
oldincludedir='/usr/include'
pdfdir='${docdir}'
prefix='/usr/local'
program_transform_name='s,x,x,'
psdir='${docdir}'
sbindir='${exec_prefix}/sbin'
sharedstatedir='${prefix}/com'
sysconfdir='${prefix}/etc'
target_alias=''

## ----------- ##
## confdefs.h. ##
## ----------- ##

/* confdefs.h */
#define PACKAGE_NAME "simplegraphplotter"
#define PACKAGE_TARNAME "simplegraphplotter"
#define PACKAGE_VERSION "0.5"
#define PACKAGE_STRING "simplegraphplotter 0.5"
#define PACKAGE_BUGREPORT ""
#define PACKAGE_URL ""
#define PACKAGE "simplegraphplotter"
#define VERSION "0.5"
#define GETTEXT_PACKAGE "simplegraphplotter"
#define STDC_HEADERS 1
#define HAVE_SYS_TYPES_H 1
#define HAVE_SYS_STAT_H 1
#define HAVE_STDLIB_H 1
#define HAVE_STRING_H 1
#define HAVE_MEMORY_H 1
#define HAVE_STRINGS_H 1
#define HAVE_INTTYPES_H 1
#define HAVE_STDINT_H 1
#define HAVE_UNISTD_H 1
#define HAVE_LOCALE_H 1
#define HAVE_LC_MESSAGES 1
#define HAVE_BIND_TEXTDOMAIN_CODESET 1
#define HAVE_GETTEXT 1
#define HAVE_DCGETTEXT 1
#define ENABLE_NLS 1
#define HAVE_DLFCN_H 1
#define LT_OBJDIR ".libs/"

configure: exit 0

## ---------------------- ##
## Running config.status. ##
## ---------------------- ##

This file was extended by simplegraphplotter config.status 0.5, which was
generated by GNU Autoconf 2.68.  Invocation command line was

  CONFIG_FILES    = 
  CONFIG_HEADERS  = 
  CONFIG_LINKS    = 
  CONFIG_COMMANDS = 
  $ ./config.status 

on jim-P55-USB3

config.status:1236: creating Makefile
config.status:1236: creating src/Makefile
config.status:1236: creating po/Makefile.in
config.status:1236: creating config.h
config.status:1402: config.h is unchanged
config.status:1450: executing depfiles commands
config.status:1450: executing default-1 commands
config.status:1450: executing libtool commands
config.status:1450: executing po/stamp-it commands

## ---------------------- ##
## Running config.status. ##
## ---------------------- ##

This file was extended by simplegraphplotter config.status 0.5, which was
generated by GNU Autoconf 2.68.  Invocation command line was

  CONFIG_FILES    = 
  CONFIG_HEADERS  = 
  CONFIG_LINKS    = 
  CONFIG_COMMANDS = 
  $ ./config.status config.h

on jim-P55-USB3

config.status:1236: creating config.h
config.status:1402: config.h is unchanged

## ---------------------- ##
## Running config.status. ##
## ---------------------- ##

This file was extended by simplegraphplotter config.status 0.5, which was
generated by GNU Autoconf 2.68.  Invocation command line was

  CONFIG_FILES    = 
  CONFIG_HEADERS  = 
  CONFIG_LINKS    = 
  CONFIG_COMMANDS = 
  $ ./config.status src/Makefile depfiles

on jim-P55-USB3

config.status:1236: creating src/Makefile
config.status:1450: executing depfiles commands

## ---------------------- ##
## Running config.status. ##
## ---------------------- ##

This file was extended by simplegraphplotter config.status 0.5, which was
generated by GNU Autoconf 2.68.  Invocation command line was

  CONFIG_FILES    = 
  CONFIG_HEADERS  = 
  CONFIG_LINKS    = 
  CONFIG_COMMANDS = 
  $ ./config.status src/Makefile depfiles

on jim-P55-USB3

config.status:1236: creating src/Makefile
config.status:1450: executing depfiles commands

## ---------------------- ##
## Running config.status. ##
## ---------------------- ##

This file was extended by simplegraphplotter config.status 0.5, which was
generated by GNU Autoconf 2.68.  Invocation command line was

  CONFIG_FILES    = 
  CONFIG_HEADERS  = 
  CONFIG_LINKS    = 
  CONFIG_COMMANDS = 
  $ ./config.status src/Makefile depfiles

on jim-P55-USB3

config.status:1236: creating src/Makefile
config.status:1450: executing depfiles commands

## ---------------------- ##
## Running config.status. ##
## ---------------------- ##

This file was extended by simplegraphplotter config.status 0.5, which was
generated by GNU Autoconf 2.68.  Invocation command line was

  CONFIG_FILES    = 
  CONFIG_HEADERS  = 
  CONFIG_LINKS    = 
  CONFIG_COMMANDS = 
  $ ./config.status src/Makefile depfiles

on jim-P55-USB3

config.status:1236: creating src/Makefile
config.status:1450: executing depfiles commands
